c:\myunity\2d_mmo_server\libraries\debug\servercore.pdb
c:\myunity\2d_mmo_server\libraries\debug\servercore.idb
c:\myunity\2d_mmo_server\servercore\x64\debug\session.obj
c:\myunity\2d_mmo_server\servercore\x64\debug\recvbuffer.obj
c:\myunity\2d_mmo_server\servercore\x64\debug\servercore.pch
c:\myunity\2d_mmo_server\servercore\x64\debug\pch.obj
c:\myunity\2d_mmo_server\servercore\x64\debug\threadmanager.obj
c:\myunity\2d_mmo_server\servercore\x64\debug\socketutils.obj
c:\myunity\2d_mmo_server\servercore\x64\debug\service.obj
c:\myunity\2d_mmo_server\servercore\x64\debug\netaddress.obj
c:\myunity\2d_mmo_server\servercore\x64\debug\lock.obj
c:\myunity\2d_mmo_server\servercore\x64\debug\listener.obj
c:\myunity\2d_mmo_server\servercore\x64\debug\iocpevent.obj
c:\myunity\2d_mmo_server\servercore\x64\debug\iocpcore.obj
c:\myunity\2d_mmo_server\servercore\x64\debug\coretls.obj
c:\myunity\2d_mmo_server\servercore\x64\debug\corepch.obj
c:\myunity\2d_mmo_server\servercore\x64\debug\coreglobal.obj
c:\myunity\2d_mmo_server\libraries\debug\servercore.lib
c:\myunity\2d_mmo_server\servercore\x64\debug\servercore.tlog\cl.command.1.tlog
c:\myunity\2d_mmo_server\servercore\x64\debug\servercore.tlog\cl.items.tlog
c:\myunity\2d_mmo_server\servercore\x64\debug\servercore.tlog\cl.read.1.tlog
c:\myunity\2d_mmo_server\servercore\x64\debug\servercore.tlog\cl.write.1.tlog
c:\myunity\2d_mmo_server\servercore\x64\debug\servercore.tlog\lib-link.read.1.tlog
c:\myunity\2d_mmo_server\servercore\x64\debug\servercore.tlog\lib-link.write.1.tlog
c:\myunity\2d_mmo_server\servercore\x64\debug\servercore.tlog\lib.command.1.tlog
