  pch.cpp
C:\MyUnity\2D_MMO\2D_MMO_Server\ServerCore\Lock.h(29,20): warning C4251: 'Lock::_lockFlag': 'std::atomic<unsigned int>' needs to have dll-interface to be used by clients of 'Lock'
  (compiling source file 'pch.cpp')
      C:\Program Files\Microsoft Visual Studio\2022\Community\VC\Tools\MSVC\14.41.34120\include\atomic(2154,8):
      see declaration of 'std::atomic<unsigned int>'
  
C:\MyUnity\2D_MMO\2D_MMO_Server\ServerCore\Session.h(9,32): warning C4275: non dll-interface class 'IocpObject' used as base for dll-interface class 'Session'
  (compiling source file 'pch.cpp')
      C:\MyUnity\2D_MMO\2D_MMO_Server\ServerCore\IocpCore.h(3,7):
      see declaration of 'IocpObject'
      C:\MyUnity\2D_MMO\2D_MMO_Server\ServerCore\Session.h(9,15):
      see declaration of 'Session'
  
C:\MyUnity\2D_MMO\2D_MMO_Server\ServerCore\Session.h(68,20): warning C4251: 'Session::_service': 'std::weak_ptr<Service>' needs to have dll-interface to be used by clients of 'Session'
  (compiling source file 'pch.cpp')
      C:\Program Files\Microsoft Visual Studio\2022\Community\VC\Tools\MSVC\14.41.34120\include\memory(3129,7):
      see declaration of 'std::weak_ptr<Service>'
  
C:\MyUnity\2D_MMO\2D_MMO_Server\ServerCore\Session.h(71,15): warning C4251: 'Session::_connected': 'std::atomic<bool>' needs to have dll-interface to be used by clients of 'Session'
  (compiling source file 'pch.cpp')
      C:\Program Files\Microsoft Visual Studio\2022\Community\VC\Tools\MSVC\14.41.34120\include\atomic(2154,8):
      see declaration of 'std::atomic<bool>'
  
C:\MyUnity\2D_MMO\2D_MMO_Server\ServerCore\Session.h(77,13): warning C4251: 'Session::_recvBuffer': 'RecvBuffer' needs to have dll-interface to be used by clients of 'Session'
  (compiling source file 'pch.cpp')
      C:\MyUnity\2D_MMO\2D_MMO_Server\ServerCore\RecvBuffer.h(15,7):
      see declaration of 'RecvBuffer'
  
C:\MyUnity\2D_MMO\2D_MMO_Server\ServerCore\Session.h(83,15): warning C4251: 'Session::_connectEvent': 'ConnectEvent' needs to have dll-interface to be used by clients of 'Session'
  (compiling source file 'pch.cpp')
      C:\MyUnity\2D_MMO\2D_MMO_Server\ServerCore\IocpEvent.h(27,7):
      see declaration of 'ConnectEvent'
  
C:\MyUnity\2D_MMO\2D_MMO_Server\ServerCore\Session.h(84,18): warning C4251: 'Session::_disconnectEvent': 'DisconnectEvent' needs to have dll-interface to be used by clients of 'Session'
  (compiling source file 'pch.cpp')
      C:\MyUnity\2D_MMO\2D_MMO_Server\ServerCore\IocpEvent.h(33,7):
      see declaration of 'DisconnectEvent'
  
C:\MyUnity\2D_MMO\2D_MMO_Server\ServerCore\Session.h(85,12): warning C4251: 'Session::_recvEvent': 'RecvEvent' needs to have dll-interface to be used by clients of 'Session'
  (compiling source file 'pch.cpp')
      C:\MyUnity\2D_MMO\2D_MMO_Server\ServerCore\IocpEvent.h(48,7):
      see declaration of 'RecvEvent'
  
  CoreGlobal.cpp
C:\MyUnity\2D_MMO\2D_MMO_Server\ServerCore\ThreadManager.h(18,8): warning C4251: 'ThreadManager::_lock': 'std::mutex' needs to have dll-interface to be used by clients of 'ThreadManager'
  (compiling source file '/CoreGlobal.cpp')
      C:\Program Files\Microsoft Visual Studio\2022\Community\VC\Tools\MSVC\14.41.34120\include\mutex(98,19):
      see declaration of 'std::mutex'
  
C:\MyUnity\2D_MMO\2D_MMO_Server\ServerCore\ThreadManager.h(19,17): warning C4251: 'ThreadManager::_threads': 'std::vector<std::thread,std::allocator<std::thread>>' needs to have dll-interface to be used by clients of 'ThreadManager'
  (compiling source file '/CoreGlobal.cpp')
      C:\Program Files\Microsoft Visual Studio\2022\Community\VC\Tools\MSVC\14.41.34120\include\vector(429,7):
      see declaration of 'std::vector<std::thread,std::allocator<std::thread>>'
  
  CorePch.cpp
  CoreTLS.cpp
  IocpCore.cpp
  IocpEvent.cpp
  Listener.cpp
C:\MyUnity\2D_MMO\2D_MMO_Server\ServerCore\Service.h(19,32): warning C4251: 'std::enable_shared_from_this<Service>::_Wptr': 'std::weak_ptr<Service>' needs to have dll-interface to be used by clients of 'std::enable_shared_from_this<Service>'
  (compiling source file '/Listener.cpp')
      C:\Program Files\Microsoft Visual Studio\2022\Community\VC\Tools\MSVC\14.41.34120\include\memory(3129,7):
      see declaration of 'std::weak_ptr<Service>'
  
C:\MyUnity\2D_MMO\2D_MMO_Server\ServerCore\Service.h(46,23): warning C4251: 'Service::_iocpCore': 'std::shared_ptr<IocpCore>' needs to have dll-interface to be used by clients of 'Service'
  (compiling source file '/Listener.cpp')
      C:\Program Files\Microsoft Visual Studio\2022\Community\VC\Tools\MSVC\14.41.34120\include\memory(1560,7):
      see declaration of 'std::shared_ptr<IocpCore>'
  
C:\MyUnity\2D_MMO\2D_MMO_Server\ServerCore\Service.h(48,27): warning C4251: 'Service::_sessions': 'std::set<std::shared_ptr<Session>,std::less<std::shared_ptr<Session>>,std::allocator<std::shared_ptr<Session>>>' needs to have dll-interface to be used by clients of 'Service'
  (compiling source file '/Listener.cpp')
      C:\Program Files\Microsoft Visual Studio\2022\Community\VC\Tools\MSVC\14.41.34120\include\set(51,7):
      see declaration of 'std::set<std::shared_ptr<Session>,std::less<std::shared_ptr<Session>>,std::allocator<std::shared_ptr<Session>>>'
  
C:\MyUnity\2D_MMO\2D_MMO_Server\ServerCore\Service.h(51,17): warning C4251: 'Service::_sessionFactory': 'std::function<std::shared_ptr<Session> (void)>' needs to have dll-interface to be used by clients of 'Service'
  (compiling source file '/Listener.cpp')
      C:\Program Files\Microsoft Visual Studio\2022\Community\VC\Tools\MSVC\14.41.34120\include\functional(1074,7):
      see declaration of 'std::function<std::shared_ptr<Session> (void)>'
  
C:\MyUnity\2D_MMO\2D_MMO_Server\ServerCore\Service.h(82,23): warning C4251: 'ServerService::_listener': 'std::shared_ptr<Listener>' needs to have dll-interface to be used by clients of 'ServerService'
  (compiling source file '/Listener.cpp')
      C:\Program Files\Microsoft Visual Studio\2022\Community\VC\Tools\MSVC\14.41.34120\include\memory(1560,7):
      see declaration of 'std::shared_ptr<Listener>'
  
  Lock.cpp
C:\MyUnity\2D_MMO\2D_MMO_Server\ServerCore\Lock.cpp(31,4): warning C4002: too many arguments for function-like macro invocation 'CRASH'
  (compiling source file '/Lock.cpp')
  
C:\MyUnity\2D_MMO\2D_MMO_Server\ServerCore\Lock.cpp(41,3): warning C4002: too many arguments for function-like macro invocation 'CRASH'
  (compiling source file '/Lock.cpp')
  
C:\MyUnity\2D_MMO\2D_MMO_Server\ServerCore\Lock.cpp(70,4): warning C4002: too many arguments for function-like macro invocation 'CRASH'
  (compiling source file '/Lock.cpp')
  
C:\MyUnity\2D_MMO\2D_MMO_Server\ServerCore\Lock.cpp(79,3): warning C4002: too many arguments for function-like macro invocation 'CRASH'
  (compiling source file '/Lock.cpp')
  
  NetAddress.cpp
  RecvBuffer.cpp
  Service.cpp
C:\MyUnity\2D_MMO\2D_MMO_Server\ServerCore\Service.h(19,32): warning C4251: 'std::enable_shared_from_this<Service>::_Wptr': 'std::weak_ptr<Service>' needs to have dll-interface to be used by clients of 'std::enable_shared_from_this<Service>'
  (compiling source file '/Service.cpp')
      C:\Program Files\Microsoft Visual Studio\2022\Community\VC\Tools\MSVC\14.41.34120\include\memory(3129,7):
      see declaration of 'std::weak_ptr<Service>'
  
C:\MyUnity\2D_MMO\2D_MMO_Server\ServerCore\Service.h(46,23): warning C4251: 'Service::_iocpCore': 'std::shared_ptr<IocpCore>' needs to have dll-interface to be used by clients of 'Service'
  (compiling source file '/Service.cpp')
      C:\Program Files\Microsoft Visual Studio\2022\Community\VC\Tools\MSVC\14.41.34120\include\memory(1560,7):
      see declaration of 'std::shared_ptr<IocpCore>'
  
C:\MyUnity\2D_MMO\2D_MMO_Server\ServerCore\Service.h(48,27): warning C4251: 'Service::_sessions': 'std::set<std::shared_ptr<Session>,std::less<std::shared_ptr<Session>>,std::allocator<std::shared_ptr<Session>>>' needs to have dll-interface to be used by clients of 'Service'
  (compiling source file '/Service.cpp')
      C:\Program Files\Microsoft Visual Studio\2022\Community\VC\Tools\MSVC\14.41.34120\include\set(51,7):
      see declaration of 'std::set<std::shared_ptr<Session>,std::less<std::shared_ptr<Session>>,std::allocator<std::shared_ptr<Session>>>'
  
C:\MyUnity\2D_MMO\2D_MMO_Server\ServerCore\Service.h(51,17): warning C4251: 'Service::_sessionFactory': 'std::function<std::shared_ptr<Session> (void)>' needs to have dll-interface to be used by clients of 'Service'
  (compiling source file '/Service.cpp')
      C:\Program Files\Microsoft Visual Studio\2022\Community\VC\Tools\MSVC\14.41.34120\include\functional(1074,7):
      see declaration of 'std::function<std::shared_ptr<Session> (void)>'
  
C:\MyUnity\2D_MMO\2D_MMO_Server\ServerCore\Service.h(82,23): warning C4251: 'ServerService::_listener': 'std::shared_ptr<Listener>' needs to have dll-interface to be used by clients of 'ServerService'
  (compiling source file '/Service.cpp')
      C:\Program Files\Microsoft Visual Studio\2022\Community\VC\Tools\MSVC\14.41.34120\include\memory(1560,7):
      see declaration of 'std::shared_ptr<Listener>'
  
  Session.cpp
C:\MyUnity\2D_MMO\2D_MMO_Server\ServerCore\Service.h(19,32): warning C4251: 'std::enable_shared_from_this<Service>::_Wptr': 'std::weak_ptr<Service>' needs to have dll-interface to be used by clients of 'std::enable_shared_from_this<Service>'
  (compiling source file '/Session.cpp')
      C:\Program Files\Microsoft Visual Studio\2022\Community\VC\Tools\MSVC\14.41.34120\include\memory(3129,7):
      see declaration of 'std::weak_ptr<Service>'
  
C:\MyUnity\2D_MMO\2D_MMO_Server\ServerCore\Service.h(46,23): warning C4251: 'Service::_iocpCore': 'std::shared_ptr<IocpCore>' needs to have dll-interface to be used by clients of 'Service'
  (compiling source file '/Session.cpp')
      C:\Program Files\Microsoft Visual Studio\2022\Community\VC\Tools\MSVC\14.41.34120\include\memory(1560,7):
      see declaration of 'std::shared_ptr<IocpCore>'
  
C:\MyUnity\2D_MMO\2D_MMO_Server\ServerCore\Service.h(48,27): warning C4251: 'Service::_sessions': 'std::set<std::shared_ptr<Session>,std::less<std::shared_ptr<Session>>,std::allocator<std::shared_ptr<Session>>>' needs to have dll-interface to be used by clients of 'Service'
  (compiling source file '/Session.cpp')
      C:\Program Files\Microsoft Visual Studio\2022\Community\VC\Tools\MSVC\14.41.34120\include\set(51,7):
      see declaration of 'std::set<std::shared_ptr<Session>,std::less<std::shared_ptr<Session>>,std::allocator<std::shared_ptr<Session>>>'
  
C:\MyUnity\2D_MMO\2D_MMO_Server\ServerCore\Service.h(51,17): warning C4251: 'Service::_sessionFactory': 'std::function<std::shared_ptr<Session> (void)>' needs to have dll-interface to be used by clients of 'Service'
  (compiling source file '/Session.cpp')
      C:\Program Files\Microsoft Visual Studio\2022\Community\VC\Tools\MSVC\14.41.34120\include\functional(1074,7):
      see declaration of 'std::function<std::shared_ptr<Session> (void)>'
  
C:\MyUnity\2D_MMO\2D_MMO_Server\ServerCore\Service.h(82,23): warning C4251: 'ServerService::_listener': 'std::shared_ptr<Listener>' needs to have dll-interface to be used by clients of 'ServerService'
  (compiling source file '/Session.cpp')
      C:\Program Files\Microsoft Visual Studio\2022\Community\VC\Tools\MSVC\14.41.34120\include\memory(1560,7):
      see declaration of 'std::shared_ptr<Listener>'
  
  SocketUtils.cpp
  ThreadManager.cpp
C:\MyUnity\2D_MMO\2D_MMO_Server\ServerCore\ThreadManager.h(18,8): warning C4251: 'ThreadManager::_lock': 'std::mutex' needs to have dll-interface to be used by clients of 'ThreadManager'
  (compiling source file '/ThreadManager.cpp')
      C:\Program Files\Microsoft Visual Studio\2022\Community\VC\Tools\MSVC\14.41.34120\include\mutex(98,19):
      see declaration of 'std::mutex'
  
C:\MyUnity\2D_MMO\2D_MMO_Server\ServerCore\ThreadManager.h(19,17): warning C4251: 'ThreadManager::_threads': 'std::vector<std::thread,std::allocator<std::thread>>' needs to have dll-interface to be used by clients of 'ThreadManager'
  (compiling source file '/ThreadManager.cpp')
      C:\Program Files\Microsoft Visual Studio\2022\Community\VC\Tools\MSVC\14.41.34120\include\vector(429,7):
      see declaration of 'std::vector<std::thread,std::allocator<std::thread>>'
  
  Generating Code...
     Creating library C:\MyUnity\2D_MMO\2D_MMO_Server\Libraries\Debug\ServerCore.lib and object C:\MyUnity\2D_MMO\2D_MMO_Server\Libraries\Debug\ServerCore.exp
  ServerCore.vcxproj -> C:\MyUnity\2D_MMO\2D_MMO_Server\Libraries\Debug\ServerCore.dll
